#
# A fatal error has been detected by the Java Runtime Environment:
#
#  SIGSEGV (0xb) at pc=0x00007fdd614af0f5, pid=6519, tid=140588776179456
#
# JRE version: Java(TM) SE Runtime Environment (8.0_60-b27) (build 1.8.0_60-b27)
# Java VM: Java HotSpot(TM) 64-Bit Server VM (25.60-b23 mixed mode linux-amd64 compressed oops)
# Problematic frame:
# V  [libjvm.so+0x64c0f5]  InstanceKlass::oop_follow_contents(ParCompactionManager*, oopDesc*)+0x2d5
#
# Failed to write core dump. Core dumps have been disabled. To enable core dumping, try "ulimit -c unlimited" before starting Java again
#
# If you would like to submit a bug report, please visit:
#   http://bugreport.java.com/bugreport/crash.jsp
#

---------------  T H R E A D  ---------------

Current thread (0x00007fdd5c020000):  GCTaskThread [stack: 0x00007fdd60004000,0x00007fdd60105000] [id=6522]

siginfo: si_signo: 11 (SIGSEGV), si_code: 128 (SI_KERNEL), si_addr: 0x0000000000000000

Registers:
RAX=0x00007fdd4a0ea000, RBX=0x0000000008000000, RCX=0x0000000000000000, RDX=0x007fffffffa2d000
RSP=0x00007fdd60103780, RBP=0x00007fdd601037e0, RSI=0x0000000000000001, RDI=0x00007fdd61e11e60
R8 =0x00000000f411fcb8, R9 =0x0000000000800000, R10=0x0000000000000004, R11=0x00007fdd61e0ddc0
R12=0x00007fdd61e11de0, R13=0x00000000f411fcb4, R14=0x0000000000000004, R15=0x00007fdd5c098d70
RIP=0x00007fdd614af0f5, EFLAGS=0x0000000000010206, CSGSFS=0x0000000000000033, ERR=0x0000000000000000
  TRAPNO=0x000000000000000d

Top of Stack: (sp=0x00007fdd60103780)
0x00007fdd60103780:   00000000f411fcb8 00000000f411fc90
0x00007fdd60103790:   000000010002ec28 000000010002ec30
0x00007fdd601037a0:   00007fdd61dcb808 00007fdd5c098db0
0x00007fdd601037b0:   00000000f412a990 00007fdd61e0ddc0
0x00007fdd601037c0:   00007fdd5c098d70 00007fdd5c098d70
0x00007fdd601037d0:   00007fdd5c020540 00007fdd619a44e0
0x00007fdd601037e0:   00007fdd60103970 00007fdd617d41c2
0x00007fdd601037f0:   00007fdd5c0205d0 00007fdd61e11f50
0x00007fdd60103800:   00007fdd5c098d80 00007fdd60103920
0x00007fdd60103810:   00007fdd601038f0 00007fdd601038d0
0x00007fdd60103820:   00007fdd601038c0 00007fdd601038b0
0x00007fdd60103830:   00007fdd601038a0 00007fdd60103890
0x00007fdd60103840:   00007fdd601038a0 00007fdd5c098e30
0x00007fdd60103850:   00000000f4139f6d 00007fdd61e11f50
0x00007fdd60103860:   00000000f3fe8b75 00007fdd5c0f9160
0x00007fdd60103870:   00007fdd60103890 00000000f4139ff8
0x00007fdd60103880:   00007fdd5c098db0 00007fdd60103938
0x00007fdd60103890:   0000000000000000 0000000000000002
0x00007fdd601038a0:   00007fdd60103920 00007fdd617e704e
0x00007fdd601038b0:   00000000f412fe59 00007fdd61e02909
0x00007fdd601038c0:   000000010002ec28 00007fdd5c0f9100
0x00007fdd601038d0:   00007fdd60103930 00007fdd614a70bc
0x00007fdd601038e0:   00007fdd5c021128 0000000000000000
0x00007fdd601038f0:   00007fdd6262c3f0 00000000f413a014
0x00007fdd60103900:   00007fdd5c0f9100 00007fdd61de3520
0x00007fdd60103910:   00000000c2ae5180 00007fdd5c098d70
0x00007fdd60103920:   00007fdd60103950 00007fdd617e228c
0x00007fdd60103930:   00007fdd60103990 00000000f411fc90
0x00007fdd60103940:   00007fdd60103a30 00007fdd5c04b580
0x00007fdd60103950:   00007fdd60103a30 00007fdd5c098d70
0x00007fdd60103960:   00007fdd5c020540 00007fdd619a44e0
0x00007fdd60103970:   00007fdd60103a70 00007fdd617b9f58 

Instructions: (pc=0x00007fdd614af0f5)
0x00007fdd614af0d5:   49 8b 44 24 30 48 c1 ee 03 48 d3 ee 48 89 f2 89
0x00007fdd614af0e5:   f1 be 01 00 00 00 83 e1 3f 48 c1 ea 06 48 d3 e6
0x00007fdd614af0f5:   48 85 34 d0 75 95 48 8b 05 1e 7a 91 00 0f b6 10
0x00007fdd614af105:   84 d2 0f 85 b3 01 00 00 48 8b 7b 08 8b 77 08 83 

Register to memory mapping:

RAX=0x00007fdd4a0ea000 is an unknown value
RBX=0x0000000008000000 is an unknown value
RCX=0x0000000000000000 is an unknown value
RDX=0x007fffffffa2d000 is an unknown value
RSP=0x00007fdd60103780 is an unknown value
RBP=0x00007fdd601037e0 is an unknown value
RSI=0x0000000000000001 is an unknown value
RDI=0x00007fdd61e11e60: <offset 0xfaee60> in /usr/lib/jvm/java-8-oracle/jre/lib/amd64/server/libjvm.so at 0x00007fdd60e63000
R8 =0x00000000f411fcb8 is an oop
java.lang.ref.WeakReference 
 - klass: 'java/lang/ref/WeakReference'
R9 =0x0000000000800000 is an unknown value
R10=0x0000000000000004 is an unknown value
R11=0x00007fdd61e0ddc0: <offset 0xfaadc0> in /usr/lib/jvm/java-8-oracle/jre/lib/amd64/server/libjvm.so at 0x00007fdd60e63000
R12=0x00007fdd61e11de0: <offset 0xfaede0> in /usr/lib/jvm/java-8-oracle/jre/lib/amd64/server/libjvm.so at 0x00007fdd60e63000
R13=0x00000000f411fcb4 is an unknown value
R14=0x0000000000000004 is an unknown value
R15=0x00007fdd5c098d70 is an unknown value


Stack: [0x00007fdd60004000,0x00007fdd60105000],  sp=0x00007fdd60103780,  free space=1021k
Native frames: (J=compiled Java code, j=interpreted, Vv=VM code, C=native code)
V  [libjvm.so+0x64c0f5]  InstanceKlass::oop_follow_contents(ParCompactionManager*, oopDesc*)+0x2d5
V  [libjvm.so+0x9711c2]  ParCompactionManager::follow_marking_stacks()+0x232
V  [libjvm.so+0x956f58]  MarkFromRootsTask::do_it(GCTaskManager*, unsigned int)+0x88
V  [libjvm.so+0x5d3b8f]  GCTaskThread::run()+0x12f
V  [libjvm.so+0x91cb88]  java_start(Thread*)+0x108


---------------  P R O C E S S  ---------------

Java Threads: ( => current thread )
  0x00007fdd5caa2000 JavaThread "resolver-4" daemon [_thread_blocked, id=6537, stack(0x00007fdd31ca4000,0x00007fdd31da5000)]
  0x00007fdd5caa1800 JavaThread "resolver-3" daemon [_thread_blocked, id=6536, stack(0x00007fdd31da5000,0x00007fdd31ea6000)]
  0x00007fdd5ca98800 JavaThread "resolver-2" daemon [_thread_blocked, id=6535, stack(0x00007fdd320a6000,0x00007fdd321a7000)]
  0x00007fdd5c714000 JavaThread "resolver-1" daemon [_thread_blocked, id=6534, stack(0x00007fdd321a7000,0x00007fdd322a8000)]
  0x00007fdd5c5fa800 JavaThread "process reaper" daemon [_thread_blocked, id=6533, stack(0x00007fdd32c5e000,0x00007fdd32c97000)]
  0x00007fdd5c178800 JavaThread "Service Thread" daemon [_thread_blocked, id=6530, stack(0x00007fdd33198000,0x00007fdd33299000)]
  0x00007fdd5c175800 JavaThread "C1 CompilerThread1" daemon [_thread_blocked, id=6529, stack(0x00007fdd33299000,0x00007fdd3339a000)]
  0x00007fdd5c16d000 JavaThread "C2 CompilerThread0" daemon [_thread_blocked, id=6528, stack(0x00007fdd3339a000,0x00007fdd3349b000)]
  0x00007fdd5c13b000 JavaThread "Signal Dispatcher" daemon [_thread_blocked, id=6527, stack(0x00007fdd480be000,0x00007fdd481bf000)]
  0x00007fdd5c103000 JavaThread "Finalizer" daemon [_thread_blocked, id=6526, stack(0x00007fdd488a3000,0x00007fdd489a4000)]
  0x00007fdd5c101000 JavaThread "Reference Handler" daemon [_thread_blocked, id=6525, stack(0x00007fdd489a4000,0x00007fdd48aa5000)]
  0x00007fdd5c00a800 JavaThread "main" [_thread_blocked, id=6521, stack(0x00007fdd62942000,0x00007fdd62a43000)]

Other Threads:
  0x00007fdd5c0fb800 VMThread [stack: 0x00007fdd48aa5000,0x00007fdd48ba6000] [id=6524]
  0x00007fdd5c17d800 WatcherThread [stack: 0x00007fdd33097000,0x00007fdd33198000] [id=6531]

=>0x00007fdd5c020000 (exited) GCTaskThread [stack: 0x00007fdd60004000,0x00007fdd60105000] [id=6522]

VM state:at safepoint (normal execution)

VM Mutex/Monitor currently owned by a thread:  ([mutex/lock_event])
[0x00007fdd5c0071b0] Threads_lock - owner thread: 0x00007fdd5c0fb800
[0x00007fdd5c0076b0] Heap_lock - owner thread: 0x00007fdd5c00a800

Heap:
 PSYoungGen      total 132608K, used 7662K [0x00000000eb780000, 0x00000000f4680000, 0x0000000100000000)
  eden space 124928K, 0% used [0x00000000eb780000,0x00000000eb780000,0x00000000f3180000)
  from space 7680K, 99% used [0x00000000f3b00000,0x00000000f427bbd0,0x00000000f4280000)
  to   space 9728K, 0% used [0x00000000f3180000,0x00000000f3180000,0x00000000f3b00000)
 ParOldGen       total 42496K, used 9954K [0x00000000c2600000, 0x00000000c4f80000, 0x00000000eb780000)
  object space 42496K, 23% used [0x00000000c2600000,0x00000000c2fb88a0,0x00000000c4f80000)
 Metaspace       used 18674K, capacity 19362K, committed 19584K, reserved 1067008K
  class space    used 2183K, capacity 2413K, committed 2432K, reserved 1048576K

Card table byte_map: [0x00007fdd4c204000,0x00007fdd4c3f2000] byte_map_base: 0x00007fdd4bbf1000

Marking Bits: (ParMarkBitMap*) 0x00007fdd61e11de0
 Begin Bits: [0x00007fdd4a0ea000, 0x00007fdd4b052000)
 End Bits:   [0x00007fdd4b052000, 0x00007fdd4bfba000)

Polling page: 0x00007fdd62a5f000

CodeCache: size=245760Kb used=9173Kb max_used=9173Kb free=236586Kb
 bounds [0x00007fdd4c7b2000, 0x00007fdd4d0b2000, 0x00007fdd5b7b2000]
 total_blobs=3553 nmethods=3183 adapters=283
 compilation: enabled

Compilation events (10 events):
Event: 3,314 Thread 0x00007fdd5c175800 3187       3       java.io.BufferedOutputStream::flushBuffer (29 bytes)
Event: 3,314 Thread 0x00007fdd5c175800 nmethod 3187 0x00007fdd4d0a3bd0 code [0x00007fdd4d0a3d40, 0x00007fdd4d0a3fa8]
Event: 3,314 Thread 0x00007fdd5c175800 3188       3       java.io.OutputStream::flush (1 bytes)
Event: 3,315 Thread 0x00007fdd5c175800 nmethod 3188 0x00007fdd4d0a4b10 code [0x00007fdd4d0a4c60, 0x00007fdd4d0a4db0]
Event: 3,315 Thread 0x00007fdd5c175800 3189       3       java.lang.Character::isUpperCase (5 bytes)
Event: 3,315 Thread 0x00007fdd5c175800 nmethod 3189 0x00007fdd4d0a9d90 code [0x00007fdd4d0a9f40, 0x00007fdd4d0aa3b8]
Event: 3,315 Thread 0x00007fdd5c175800 3190       3       java.lang.Character::isUpperCase (25 bytes)
Event: 3,315 Thread 0x00007fdd5c175800 nmethod 3190 0x00007fdd4d0aa590 code [0x00007fdd4d0aa740, 0x00007fdd4d0aab58]
Event: 3,315 Thread 0x00007fdd5c175800 3191  s    3       java.io.BufferedOutputStream::flush (12 bytes)
Event: 3,315 Thread 0x00007fdd5c175800 nmethod 3191 0x00007fdd4d0aacd0 code [0x00007fdd4d0aae60, 0x00007fdd4d0ab358]

GC Heap History (10 events):
Event: 1,137 GC heap after
Heap after GC invocations=4 (full 0):
 PSYoungGen      total 34304K, used 2560K [0x00000000eb780000, 0x00000000edb80000, 0x0000000100000000)
  eden space 31744K, 0% used [0x00000000eb780000,0x00000000eb780000,0x00000000ed680000)
  from space 2560K, 100% used [0x00000000ed900000,0x00000000edb80000,0x00000000edb80000)
  to   space 2560K, 0% used [0x00000000ed680000,0x00000000ed680000,0x00000000ed900000)
 ParOldGen       total 42496K, used 3447K [0x00000000c2600000, 0x00000000c4f80000, 0x00000000eb780000)
  object space 42496K, 8% used [0x00000000c2600000,0x00000000c295df20,0x00000000c4f80000)
 Metaspace       used 11704K, capacity 11974K, committed 12160K, reserved 1060864K
  class space    used 1465K, capacity 1557K, committed 1664K, reserved 1048576K
}
Event: 1,655 GC heap before
{Heap before GC invocations=5 (full 0):
 PSYoungGen      total 34304K, used 34304K [0x00000000eb780000, 0x00000000edb80000, 0x0000000100000000)
  eden space 31744K, 100% used [0x00000000eb780000,0x00000000ed680000,0x00000000ed680000)
  from space 2560K, 100% used [0x00000000ed900000,0x00000000edb80000,0x00000000edb80000)
  to   space 2560K, 0% used [0x00000000ed680000,0x00000000ed680000,0x00000000ed900000)
 ParOldGen       total 42496K, used 3447K [0x00000000c2600000, 0x00000000c4f80000, 0x00000000eb780000)
  object space 42496K, 8% used [0x00000000c2600000,0x00000000c295df20,0x00000000c4f80000)
 Metaspace       used 13508K, capacity 13878K, committed 14080K, reserved 1060864K
  class space    used 1646K, capacity 1763K, committed 1792K, reserved 1048576K
Event: 1,671 GC heap after
Heap after GC invocations=5 (full 0):
 PSYoungGen      total 34304K, used 2544K [0x00000000eb780000, 0x00000000f0280000, 0x0000000100000000)
  eden space 31744K, 0% used [0x00000000eb780000,0x00000000eb780000,0x00000000ed680000)
  from space 2560K, 99% used [0x00000000ed680000,0x00000000ed8fc010,0x00000000ed900000)
  to   space 6656K, 0% used [0x00000000efc00000,0x00000000efc00000,0x00000000f0280000)
 ParOldGen       total 42496K, used 6839K [0x00000000c2600000, 0x00000000c4f80000, 0x00000000eb780000)
  object space 42496K, 16% used [0x00000000c2600000,0x00000000c2cadcd0,0x00000000c4f80000)
 Metaspace       used 13508K, capacity 13878K, committed 14080K, reserved 1060864K
  class space    used 1646K, capacity 1763K, committed 1792K, reserved 1048576K
}
Event: 1,950 GC heap before
{Heap before GC invocations=6 (full 0):
 PSYoungGen      total 34304K, used 34288K [0x00000000eb780000, 0x00000000f0280000, 0x0000000100000000)
  eden space 31744K, 100% used [0x00000000eb780000,0x00000000ed680000,0x00000000ed680000)
  from space 2560K, 99% used [0x00000000ed680000,0x00000000ed8fc010,0x00000000ed900000)
  to   space 6656K, 0% used [0x00000000efc00000,0x00000000efc00000,0x00000000f0280000)
 ParOldGen       total 42496K, used 6839K [0x00000000c2600000, 0x00000000c4f80000, 0x00000000eb780000)
  object space 42496K, 16% used [0x00000000c2600000,0x00000000c2cadcd0,0x00000000c4f80000)
 Metaspace       used 13752K, capacity 14134K, committed 14336K, reserved 1062912K
  class space    used 1649K, capacity 1763K, committed 1792K, reserved 1048576K
Event: 1,962 GC heap after
Heap after GC invocations=6 (full 0):
 PSYoungGen      total 69120K, used 3888K [0x00000000eb780000, 0x00000000f0180000, 0x0000000100000000)
  eden space 63488K, 0% used [0x00000000eb780000,0x00000000eb780000,0x00000000ef580000)
  from space 5632K, 69% used [0x00000000efc00000,0x00000000effcc030,0x00000000f0180000)
  to   space 6144K, 0% used [0x00000000ef580000,0x00000000ef580000,0x00000000efb80000)
 ParOldGen       total 42496K, used 6847K [0x00000000c2600000, 0x00000000c4f80000, 0x00000000eb780000)
  object space 42496K, 16% used [0x00000000c2600000,0x00000000c2cafcd0,0x00000000c4f80000)
 Metaspace       used 13752K, capacity 14134K, committed 14336K, reserved 1062912K
  class space    used 1649K, capacity 1763K, committed 1792K, reserved 1048576K
}
Event: 2,377 GC heap before
{Heap before GC invocations=7 (full 0):
 PSYoungGen      total 69120K, used 67376K [0x00000000eb780000, 0x00000000f0180000, 0x0000000100000000)
  eden space 63488K, 100% used [0x00000000eb780000,0x00000000ef580000,0x00000000ef580000)
  from space 5632K, 69% used [0x00000000efc00000,0x00000000effcc030,0x00000000f0180000)
  to   space 6144K, 0% used [0x00000000ef580000,0x00000000ef580000,0x00000000efb80000)
 ParOldGen       total 42496K, used 6847K [0x00000000c2600000, 0x00000000c4f80000, 0x00000000eb780000)
  object space 42496K, 16% used [0x00000000c2600000,0x00000000c2cafcd0,0x00000000c4f80000)
 Metaspace       used 14899K, capacity 15340K, committed 15488K, reserved 1062912K
  class space    used 1772K, capacity 1908K, committed 1920K, reserved 1048576K
Event: 2,393 GC heap after
Heap after GC invocations=7 (full 0):
 PSYoungGen      total 69632K, used 6128K [0x00000000eb780000, 0x00000000f4280000, 0x0000000100000000)
  eden space 63488K, 0% used [0x00000000eb780000,0x00000000eb780000,0x00000000ef580000)
  from space 6144K, 99% used [0x00000000ef580000,0x00000000efb7c300,0x00000000efb80000)
  to   space 7680K, 0% used [0x00000000f3b00000,0x00000000f3b00000,0x00000000f4280000)
 ParOldGen       total 42496K, used 8173K [0x00000000c2600000, 0x00000000c4f80000, 0x00000000eb780000)
  object space 42496K, 19% used [0x00000000c2600000,0x00000000c2dfb610,0x00000000c4f80000)
 Metaspace       used 14899K, capacity 15340K, committed 15488K, reserved 1062912K
  class space    used 1772K, capacity 1908K, committed 1920K, reserved 1048576K
}
Event: 3,316 GC heap before
{Heap before GC invocations=8 (full 0):
 PSYoungGen      total 69632K, used 68111K [0x00000000eb780000, 0x00000000f4280000, 0x0000000100000000)
  eden space 63488K, 97% used [0x00000000eb780000,0x00000000ef407940,0x00000000ef580000)
  from space 6144K, 99% used [0x00000000ef580000,0x00000000efb7c300,0x00000000efb80000)
  to   space 7680K, 0% used [0x00000000f3b00000,0x00000000f3b00000,0x00000000f4280000)
 ParOldGen       total 42496K, used 8173K [0x00000000c2600000, 0x00000000c4f80000, 0x00000000eb780000)
  object space 42496K, 19% used [0x00000000c2600000,0x00000000c2dfb610,0x00000000c4f80000)
 Metaspace       used 18674K, capacity 19362K, committed 19584K, reserved 1067008K
  class space    used 2183K, capacity 2413K, committed 2432K, reserved 1048576K
Event: 3,328 GC heap after
Heap after GC invocations=8 (full 0):
 PSYoungGen      total 132608K, used 7662K [0x00000000eb780000, 0x00000000f4680000, 0x0000000100000000)
  eden space 124928K, 0% used [0x00000000eb780000,0x00000000eb780000,0x00000000f3180000)
  from space 7680K, 99% used [0x00000000f3b00000,0x00000000f427bbd0,0x00000000f4280000)
  to   space 9728K, 0% used [0x00000000f3180000,0x00000000f3180000,0x00000000f3b00000)
 ParOldGen       total 42496K, used 9954K [0x00000000c2600000, 0x00000000c4f80000, 0x00000000eb780000)
  object space 42496K, 23% used [0x00000000c2600000,0x00000000c2fb88a0,0x00000000c4f80000)
 Metaspace       used 18674K, capacity 19362K, committed 19584K, reserved 1067008K
  class space    used 2183K, capacity 2413K, committed 2432K, reserved 1048576K
}
Event: 3,328 GC heap before
{Heap before GC invocations=9 (full 1):
 PSYoungGen      total 132608K, used 7662K [0x00000000eb780000, 0x00000000f4680000, 0x0000000100000000)
  eden space 124928K, 0% used [0x00000000eb780000,0x00000000eb780000,0x00000000f3180000)
  from space 7680K, 99% used [0x00000000f3b00000,0x00000000f427bbd0,0x00000000f4280000)
  to   space 9728K, 0% used [0x00000000f3180000,0x00000000f3180000,0x00000000f3b00000)
 ParOldGen       total 42496K, used 9954K [0x00000000c2600000, 0x00000000c4f80000, 0x00000000eb780000)
  object space 42496K, 23% used [0x00000000c2600000,0x00000000c2fb88a0,0x00000000c4f80000)
 Metaspace       used 18674K, capacity 19362K, committed 19584K, reserved 1067008K
  class space    used 2183K, capacity 2413K, committed 2432K, reserved 1048576K

Deoptimization events (10 events):
Event: 3,265 Thread 0x00007fdd5c00a800 Uncommon trap: reason=bimorphic action=maybe_recompile pc=0x00007fdd4d003e84 method=java.util.Hashtable.put(Ljava/lang/Object;Ljava/lang/Object;)Ljava/lang/Object; @ 18
Event: 3,266 Thread 0x00007fdd5c00a800 Uncommon trap: reason=bimorphic action=maybe_recompile pc=0x00007fdd4d003e84 method=java.util.Hashtable.put(Ljava/lang/Object;Ljava/lang/Object;)Ljava/lang/Object; @ 18
Event: 3,266 Thread 0x00007fdd5c00a800 Uncommon trap: reason=bimorphic action=maybe_recompile pc=0x00007fdd4d003e84 method=java.util.Hashtable.put(Ljava/lang/Object;Ljava/lang/Object;)Ljava/lang/Object; @ 18
Event: 3,267 Thread 0x00007fdd5c00a800 Uncommon trap: reason=class_check action=maybe_recompile pc=0x00007fdd4cfae8fc method=java.util.Hashtable.addEntry(ILjava/lang/Object;Ljava/lang/Object;I)V @ 38
Event: 3,305 Thread 0x00007fdd5c00a800 Uncommon trap: reason=class_check action=maybe_recompile pc=0x00007fdd4d02b968 method=java.util.Hashtable.get(Ljava/lang/Object;)Ljava/lang/Object; @ 6
Event: 3,306 Thread 0x00007fdd5c00a800 Uncommon trap: reason=class_check action=maybe_recompile pc=0x00007fdd4d02b968 method=java.util.Hashtable.get(Ljava/lang/Object;)Ljava/lang/Object; @ 6
Event: 3,306 Thread 0x00007fdd5c00a800 Uncommon trap: reason=class_check action=maybe_recompile pc=0x00007fdd4d02b968 method=java.util.Hashtable.get(Ljava/lang/Object;)Ljava/lang/Object; @ 6
Event: 3,306 Thread 0x00007fdd5c00a800 Uncommon trap: reason=class_check action=maybe_recompile pc=0x00007fdd4d02b968 method=java.util.Hashtable.get(Ljava/lang/Object;)Ljava/lang/Object; @ 6
Event: 3,315 Thread 0x00007fdd5c00a800 Uncommon trap: reason=bimorphic action=maybe_recompile pc=0x00007fdd4cf8c0c8 method=java.util.regex.Pattern$CharProperty.match(Ljava/util/regex/Matcher;ILjava/lang/CharSequence;)Z @ 37
Event: 3,315 Thread 0x00007fdd5c00a800 Uncommon trap: reason=bimorphic action=maybe_recompile pc=0x00007fdd4cf8c0c8 method=java.util.regex.Pattern$CharProperty.match(Ljava/util/regex/Matcher;ILjava/lang/CharSequence;)Z @ 37

Internal exceptions (10 events):
Event: 1,365 Thread 0x00007fdd5c00a800 Implicit null exception at 0x00007fdd4ca8d3f5 to 0x00007fdd4ca8d5d9
Event: 1,365 Thread 0x00007fdd5c00a800 Implicit null exception at 0x00007fdd4ca7f1ef to 0x00007fdd4ca7f259
Event: 1,542 Thread 0x00007fdd5c00a800 Implicit null exception at 0x00007fdd4ccea33e to 0x00007fdd4ccea659
Event: 2,228 Thread 0x00007fdd5c00a800 Exception <a 'java/lang/NoClassDefFoundError': org/slf4j/Logger> (0x00000000ee1cadd0) thrown at [/HUDSON/workspace/8-2-build-linux-amd64/jdk8u60/4407/hotspot/src/share/vm/oops/constantPool.cpp, line 235]
Event: 2,318 Thread 0x00007fdd5c00a800 Exception <a 'java/lang/NoClassDefFoundError': org/slf4j/Logger> (0x00000000eec2ca90) thrown at [/HUDSON/workspace/8-2-build-linux-amd64/jdk8u60/4407/hotspot/src/share/vm/oops/constantPool.cpp, line 235]
Event: 2,498 Thread 0x00007fdd5c00a800 Exception <a 'java/lang/NoClassDefFoundError': org/slf4j/Logger> (0x00000000ec3ab700) thrown at [/HUDSON/workspace/8-2-build-linux-amd64/jdk8u60/4407/hotspot/src/share/vm/oops/constantPool.cpp, line 235]
Event: 2,624 Thread 0x00007fdd5c00a800 Exception <a 'java/lang/NoClassDefFoundError': org/slf4j/Logger> (0x00000000ecc13368) thrown at [/HUDSON/workspace/8-2-build-linux-amd64/jdk8u60/4407/hotspot/src/share/vm/oops/constantPool.cpp, line 235]
Event: 3,023 Thread 0x00007fdd5c00a800 Exception <a 'java/lang/NoClassDefFoundError': org/slf4j/Logger> (0x00000000ee47c388) thrown at [/HUDSON/workspace/8-2-build-linux-amd64/jdk8u60/4407/hotspot/src/share/vm/oops/constantPool.cpp, line 235]
Event: 3,077 Thread 0x00007fdd5c00a800 Exception <a 'java/io/FileNotFoundException'> (0x00000000ee7a04e8) thrown at [/HUDSON/workspace/8-2-build-linux-amd64/jdk8u60/4407/hotspot/src/share/vm/prims/jni.cpp, line 709]
Event: 3,077 Thread 0x00007fdd5c00a800 Exception <a 'java/io/FileNotFoundException'> (0x00000000ee7a1398) thrown at [/HUDSON/workspace/8-2-build-linux-amd64/jdk8u60/4407/hotspot/src/share/vm/prims/jni.cpp, line 709]

Events (10 events):
Event: 3,306 Thread 0x00007fdd5c00a800 DEOPT UNPACKING pc=0x00007fdd4c7b7229 sp=0x00007fdd62a403b8 mode 2
Event: 3,312 loading class java/io/RandomAccessFile$1
Event: 3,312 loading class java/io/RandomAccessFile$1 done
Event: 3,315 Thread 0x00007fdd5c00a800 Uncommon trap: trap_request=0xffffffc6 fr.pc=0x00007fdd4cf8c0c8
Event: 3,315 Thread 0x00007fdd5c00a800 DEOPT PACKING pc=0x00007fdd4cf8c0c8 sp=0x00007fdd62a3fef0
Event: 3,315 Thread 0x00007fdd5c00a800 DEOPT UNPACKING pc=0x00007fdd4c7b7229 sp=0x00007fdd62a3fea8 mode 2
Event: 3,315 Thread 0x00007fdd5c00a800 Uncommon trap: trap_request=0xffffffc6 fr.pc=0x00007fdd4cf8c0c8
Event: 3,315 Thread 0x00007fdd5c00a800 DEOPT PACKING pc=0x00007fdd4cf8c0c8 sp=0x00007fdd62a3fd30
Event: 3,315 Thread 0x00007fdd5c00a800 DEOPT UNPACKING pc=0x00007fdd4c7b7229 sp=0x00007fdd62a3fce8 mode 2
Event: 3,315 Executing VM operation: ParallelGCSystemGC


Dynamic libraries:
00400000-00401000 r-xp 00000000 08:01 1590771                            /usr/lib/jvm/java-8-oracle/bin/java
00600000-00601000 rw-p 00000000 08:01 1590771                            /usr/lib/jvm/java-8-oracle/bin/java
0253c000-0255d000 rw-p 00000000 00:00 0                                  [heap]
c2600000-c4f80000 rw-p 00000000 00:00 0 
c4f80000-eb780000 ---p 00000000 00:00 0 
eb780000-f4680000 rw-p 00000000 00:00 0 
f4680000-100000000 ---p 00000000 00:00 0 
100000000-100260000 rw-p 00000000 00:00 0 
100260000-140000000 ---p 00000000 00:00 0 
7fdd08000000-7fdd08021000 rw-p 00000000 00:00 0 
7fdd08021000-7fdd0c000000 ---p 00000000 00:00 0 
7fdd10000000-7fdd10021000 rw-p 00000000 00:00 0 
7fdd10021000-7fdd14000000 ---p 00000000 00:00 0 
7fdd14000000-7fdd14021000 rw-p 00000000 00:00 0 
7fdd14021000-7fdd18000000 ---p 00000000 00:00 0 
7fdd18000000-7fdd18021000 rw-p 00000000 00:00 0 
7fdd18021000-7fdd1c000000 ---p 00000000 00:00 0 
7fdd1c000000-7fdd1c021000 rw-p 00000000 00:00 0 
7fdd1c021000-7fdd20000000 ---p 00000000 00:00 0 
7fdd20000000-7fdd20fcd000 rw-p 00000000 00:00 0 
7fdd20fcd000-7fdd24000000 ---p 00000000 00:00 0 
7fdd24000000-7fdd24021000 rw-p 00000000 00:00 0 
7fdd24021000-7fdd28000000 ---p 00000000 00:00 0 
7fdd28000000-7fdd2958f000 rw-p 00000000 00:00 0 
7fdd2958f000-7fdd2c000000 ---p 00000000 00:00 0 
7fdd2c000000-7fdd2c021000 rw-p 00000000 00:00 0 
7fdd2c021000-7fdd30000000 ---p 00000000 00:00 0 
7fdd309e5000-7fdd30aa5000 rw-p 00000000 00:00 0 
7fdd30aa5000-7fdd30be5000 ---p 00000000 00:00 0 
7fdd30be5000-7fdd30c07000 r--p 00000000 08:01 142783                     /usr/share/locale-langpack/pt_BR/LC_MESSAGES/libc.mo
7fdd30c07000-7fdd30c16000 r-xp 00000000 08:01 1453255                    /usr/lib/x86_64-linux-gnu/libXi.so.6.1.0
7fdd30c16000-7fdd30e15000 ---p 0000f000 08:01 1453255                    /usr/lib/x86_64-linux-gnu/libXi.so.6.1.0
7fdd30e15000-7fdd30e16000 r--p 0000e000 08:01 1453255                    /usr/lib/x86_64-linux-gnu/libXi.so.6.1.0
7fdd30e16000-7fdd30e17000 rw-p 0000f000 08:01 1453255                    /usr/lib/x86_64-linux-gnu/libXi.so.6.1.0
7fdd30e17000-7fdd30e1c000 r-xp 00000000 08:01 1453275                    /usr/lib/x86_64-linux-gnu/libXtst.so.6.1.0
7fdd30e1c000-7fdd3101b000 ---p 00005000 08:01 1453275                    /usr/lib/x86_64-linux-gnu/libXtst.so.6.1.0
7fdd3101b000-7fdd3101c000 r--p 00004000 08:01 1453275                    /usr/lib/x86_64-linux-gnu/libXtst.so.6.1.0
7fdd3101c000-7fdd3101d000 rw-p 00005000 08:01 1453275                    /usr/lib/x86_64-linux-gnu/libXtst.so.6.1.0
7fdd3101d000-7fdd31026000 r-xp 00000000 08:01 1453269                    /usr/lib/x86_64-linux-gnu/libXrender.so.1.3.0
7fdd31026000-7fdd31225000 ---p 00009000 08:01 1453269                    /usr/lib/x86_64-linux-gnu/libXrender.so.1.3.0
7fdd31225000-7fdd31226000 r--p 00008000 08:01 1453269                    /usr/lib/x86_64-linux-gnu/libXrender.so.1.3.0
7fdd31226000-7fdd31227000 rw-p 00009000 08:01 1453269                    /usr/lib/x86_64-linux-gnu/libXrender.so.1.3.0
7fdd31227000-7fdd31238000 r-xp 00000000 08:01 1453247                    /usr/lib/x86_64-linux-gnu/libXext.so.6.4.0
7fdd31238000-7fdd31437000 ---p 00011000 08:01 1453247                    /usr/lib/x86_64-linux-gnu/libXext.so.6.4.0
7fdd31437000-7fdd31438000 r--p 00010000 08:01 1453247                    /usr/lib/x86_64-linux-gnu/libXext.so.6.4.0
7fdd31438000-7fdd31439000 rw-p 00011000 08:01 1453247                    /usr/lib/x86_64-linux-gnu/libXext.so.6.4.0
7fdd3144a000-7fdd3144b000 rw-p 00000000 00:00 0 
7fdd3144b000-7fdd31452000 r--s 00000000 08:01 1004                       /usr/lib/x86_64-linux-gnu/gconv/gconv-modules.cache
7fdd31452000-7fdd314a6000 r-xp 00000000 08:01 1590522                    /usr/lib/jvm/java-8-oracle/jre/lib/amd64/libawt_xawt.so
7fdd314a6000-7fdd316a6000 ---p 00054000 08:01 1590522                    /usr/lib/jvm/java-8-oracle/jre/lib/amd64/libawt_xawt.so
7fdd316a6000-7fdd316aa000 rw-p 00054000 08:01 1590522                    /usr/lib/jvm/java-8-oracle/jre/lib/amd64/libawt_xawt.so
7fdd316aa000-7fdd316ab000 rw-p 00000000 00:00 0 
7fdd316ab000-7fdd3174d000 r-xp 00000000 08:01 1590529                    /usr/lib/jvm/java-8-oracle/jre/lib/amd64/libawt.so
7fdd3174d000-7fdd3194d000 ---p 000a2000 08:01 1590529                    /usr/lib/jvm/java-8-oracle/jre/lib/amd64/libawt.so
7fdd3194d000-7fdd31959000 rw-p 000a2000 08:01 1590529                    /usr/lib/jvm/java-8-oracle/jre/lib/amd64/libawt.so
7fdd31959000-7fdd3197d000 rw-p 00000000 00:00 0 
7fdd3197d000-7fdd31983000 r--s 002f8000 08:01 1590471                    /usr/lib/jvm/java-8-oracle/jre/lib/charsets.jar
7fdd31983000-7fdd31985000 r--s 00007000 08:01 797983                     /home/gladson/.m2/repository/org/apache/maven/shared/maven-filtering/1.0-beta-2/maven-filtering-1.0-beta-2.jar
7fdd31985000-7fdd31989000 r--s 00035000 08:01 797979                     /home/gladson/.m2/repository/org/codehaus/plexus/plexus-utils/3.0.8/plexus-utils-3.0.8.jar
7fdd31989000-7fdd3198b000 r--s 00005000 08:01 797978                     /home/gladson/.m2/repository/xpp3/xpp3_min/1.1.4c/xpp3_min-1.1.4c.jar
7fdd3198b000-7fdd3198c000 r--s 00001000 08:01 797974                     /home/gladson/.m2/repository/xmlpull/xmlpull/1.1.3.1/xmlpull-1.1.3.1.jar
7fdd3198c000-7fdd31998000 r--s 0006a000 08:01 797975                     /home/gladson/.m2/repository/com/thoughtworks/xstream/xstream/1.4.3/xstream-1.4.3.jar
7fdd31998000-7fdd3199a000 r--s 0000d000 08:01 529304                     /home/gladson/.m2/repository/org/codehaus/plexus/plexus-interpolation/1.15/plexus-interpolation-1.15.jar
7fdd3199a000-7fdd3199d000 r--s 0000c000 08:01 797972                     /home/gladson/.m2/repository/org/codehaus/plexus/plexus-io/2.0.5/plexus-io-2.0.5.jar
7fdd3199d000-7fdd3199f000 r--s 00004000 08:01 797973                     /home/gladson/.m2/repository/org/apache/maven/maven-archiver/2.5/maven-archiver-2.5.jar
7fdd3199f000-7fdd319a1000 r--s 00013000 08:01 280173                     /home/gladson/.m2/repository/org/apache/maven/plugins/maven-war-plugin/2.3/maven-war-plugin-2.3.jar
7fdd319a1000-7fdd319a4000 ---p 00000000 00:00 0 
7fdd319a4000-7fdd31aa2000 rw-p 00000000 00:00 0 
7fdd31aa2000-7fdd31aa5000 ---p 00000000 00:00 0 
7fdd31aa5000-7fdd31ba3000 rw-p 00000000 00:00 0 
7fdd31ba3000-7fdd31ba6000 ---p 00000000 00:00 0 
7fdd31ba6000-7fdd31ca4000 rw-p 00000000 00:00 0 
7fdd31ca4000-7fdd31ca7000 ---p 00000000 00:00 0 
7fdd31ca7000-7fdd31da5000 rw-p 00000000 00:00 0                          [stack:6537]
7fdd31da5000-7fdd31da8000 ---p 00000000 00:00 0 
7fdd31da8000-7fdd320a6000 rw-p 00000000 00:00 0                          [stack:6536]
7fdd320a6000-7fdd320a9000 ---p 00000000 00:00 0 
7fdd320a9000-7fdd321a7000 rw-p 00000000 00:00 0                          [stack:6535]
7fdd321a7000-7fdd321aa000 ---p 00000000 00:00 0 
7fdd321aa000-7fdd322a8000 rw-p 00000000 00:00 0                          [stack:6534]
7fdd322a8000-7fdd322a9000 r--s 00002000 08:01 665430                     /home/gladson/.m2/repository/org/apache/maven/reporting/maven-reporting-api/2.0.9/maven-reporting-api-2.0.9.jar
7fdd322a9000-7fdd322ac000 r--s 00034000 08:01 797907                     /home/gladson/.m2/repository/org/codehaus/plexus/plexus-utils/2.1/plexus-utils-2.1.jar
7fdd322ac000-7fdd322ae000 r--s 00006000 08:01 797910                     /home/gladson/.m2/repository/org/apache/maven/shared/maven-common-artifact-filters/1.3/maven-common-artifact-filters-1.3.jar
7fdd322ae000-7fdd322b0000 r--s 0000d000 08:01 797908                     /home/gladson/.m2/repository/org/apache/maven/surefire/maven-surefire-common/2.10/maven-surefire-common-2.10.jar
7fdd322b0000-7fdd322b5000 r--s 00023000 08:01 797909                     /home/gladson/.m2/repository/org/apache/maven/surefire/surefire-api/2.10/surefire-api-2.10.jar
7fdd322b5000-7fdd322b7000 r--s 00007000 08:01 665429                     /home/gladson/.m2/repository/org/apache/maven/surefire/surefire-booter/2.10/surefire-booter-2.10.jar
7fdd322b7000-7fdd322b9000 r--s 00006000 08:01 280165                     /home/gladson/.m2/repository/org/apache/maven/plugins/maven-surefire-plugin/2.10/maven-surefire-plugin-2.10.jar
7fdd322b9000-7fdd322bc000 r--s 0001b000 08:01 431793                     /home/gladson/.m2/repository/junit/junit/3.8.2/junit-3.8.2.jar
7fdd322bc000-7fdd322ca000 r--s 0008f000 08:01 797885                     /home/gladson/.m2/repository/com/google/collections/google-collections/1.0/google-collections-1.0.jar
7fdd322ca000-7fdd322cb000 r--s 0000a000 08:01 797883                     /home/gladson/.m2/repository/commons-logging/commons-logging-api/1.1/commons-logging-api-1.1.jar
7fdd322cb000-7fdd322d2000 r--s 00051000 08:01 797882                     /home/gladson/.m2/repository/log4j/log4j/1.2.12/log4j-1.2.12.jar
7fdd322d2000-7fdd322d6000 r--s 0001d000 08:01 1591370                    /home/gladson/.m2/repository/org/apache/xbean/xbean-reflect/3.4/xbean-reflect-3.4.jar
7fdd322d6000-7fdd322d7000 r--s 00004000 08:01 797879                     /home/gladson/.m2/repository/org/codehaus/plexus/plexus-compiler-javac/2.2/plexus-compiler-javac-2.2.jar
7fdd322d7000-7fdd322d9000 r--s 00000000 08:01 797878                     /home/gladson/.m2/repository/org/codehaus/plexus/plexus-compiler-manager/2.2/plexus-compiler-manager-2.2.jar
7fdd322d9000-7fdd322db000 r--s 00005000 08:01 797874                     /home/gladson/.m2/repository/org/codehaus/plexus/plexus-compiler-api/2.2/plexus-compiler-api-2.2.jar
7fdd322db000-7fdd322dd000 r--s 00002000 08:01 797872                     /home/gladson/.m2/repository/org/apache/maven/shared/maven-shared-incremental/1.1/maven-shared-incremental-1.1.jar
7fdd322dd000-7fdd322df000 r--s 00006000 08:01 797873                     /home/gladson/.m2/repository/com/google/code/findbugs/jsr305/2.0.1/jsr305-2.0.1.jar
7fdd322df000-7fdd322e2000 r--s 00023000 08:01 797871                     /home/gladson/.m2/repository/org/apache/maven/shared/maven-shared-utils/0.1/maven-shared-utils-0.1.jar
7fdd322e2000-7fdd322e6000 r--s 00030000 08:01 665422                     /home/gladson/.m2/repository/org/codehaus/plexus/plexus-utils/1.5.1/plexus-utils-1.5.1.jar
7fdd322e6000-7fdd322e8000 r--s 00009000 08:01 280169                     /home/gladson/.m2/repository/org/apache/maven/plugins/maven-compiler-plugin/3.1/maven-compiler-plugin-3.1.jar
7fdd322e8000-7fdd322ea000 r--s 0000d000 08:01 529285                     /home/gladson/.m2/repository/org/codehaus/plexus/plexus-interpolation/1.13/plexus-interpolation-1.13.jar
7fdd322ea000-7fdd322eb000 r--s 00001000 08:01 529284                     /home/gladson/.m2/repository/org/sonatype/plexus/plexus-build-api/0.0.4/plexus-build-api-0.0.4.jar
7fdd322eb000-7fdd322ed000 r--s 00009000 08:01 797809                     /home/gladson/.m2/repository/org/apache/maven/shared/maven-filtering/1.0/maven-filtering-1.0.jar
7fdd322ed000-7fdd322f1000 r--s 00033000 08:01 663663                     /home/gladson/.m2/repository/org/codehaus/plexus/plexus-utils/2.0.5/plexus-utils-2.0.5.jar
7fdd322f1000-7fdd322f2000 r--s 00001000 08:01 665420                     /home/gladson/.m2/repository/org/apache/maven/doxia/doxia-sink-api/1.0-alpha-7/doxia-sink-api-1.0-alpha-7.jar
7fdd322f2000-7fdd322f3000 r--s 00002000 08:01 797808                     /home/gladson/.m2/repository/org/apache/maven/reporting/maven-reporting-api/2.0.6/maven-reporting-api-2.0.6.jar
7fdd322f3000-7fdd322f5000 r--s 00005000 08:01 280161                     /home/gladson/.m2/repository/org/apache/maven/plugins/maven-resources-plugin/2.5/maven-resources-plugin-2.5.jar
7fdd322f5000-7fdd32303000 r--s 0007f000 08:01 431194                     /home/gladson/.m2/repository/commons-collections/commons-collections/3.2.1/commons-collections-3.2.1.jar
7fdd32303000-7fdd32308000 r--s 00041000 08:01 431776                     /home/gladson/.m2/repository/commons-lang/commons-lang/2.6/commons-lang-2.6.jar
7fdd32308000-7fdd3230a000 r--s 00006000 08:01 431775                     /home/gladson/.m2/repository/org/apache/maven/shared/maven-invoker/2.0.11/maven-invoker-2.0.11.jar
7fdd3230a000-7fdd3230c000 r--s 00006000 08:01 797785                     /home/gladson/.m2/repository/org/apache/maven/shared/maven-common-artifact-filters/1.4/maven-common-artifact-filters-1.4.jar
7fdd3230c000-7fdd3230e000 r--s 0000c000 08:01 797781                     /home/gladson/.m2/repository/org/apache/maven/shared/maven-dependency-tree/2.0/maven-dependency-tree-2.0.jar
7fdd3230e000-7fdd32310000 r--s 00000000 08:01 431151                     /home/gladson/.m2/repository/org/codehaus/plexus/plexus-component-annotations/1.5.5/plexus-component-annotations-1.5.5.jar
7fdd32310000-7fdd32311000 r--s 0000a000 08:01 431774                     /home/gladson/.m2/repository/asm/asm/3.3.1/asm-3.3.1.jar
7fdd32311000-7fdd32313000 r--s 00005000 08:01 797780                     /home/gladson/.m2/repository/org/apache/maven/shared/maven-dependency-analyzer/1.3/maven-dependency-analyzer-1.3.jar
7fdd32313000-7fdd32316000 r--s 0000c000 08:01 797776                     /home/gladson/.m2/repository/org/codehaus/plexus/plexus-io/2.0.6/plexus-io-2.0.6.jar
7fdd32316000-7fdd32319000 r--s 0001b000 08:01 431773                     /home/gladson/.m2/repository/junit/junit/3.8.1/junit-3.8.1.jar
7fdd32319000-7fdd3231b000 r--s 00008000 08:01 797775                     /home/gladson/.m2/repository/org/apache/maven/shared/maven-shared-io/1.1/maven-shared-io-1.1.jar
7fdd3231b000-7fdd3231d000 r--s 00008000 08:01 797772                     /home/gladson/.m2/repository/org/apache/maven/shared/file-management/1.2.1/file-management-1.2.1.jar
7fdd3231d000-7fdd32321000 r--s 00035000 08:01 797771                     /home/gladson/.m2/repository/org/codehaus/plexus/plexus-utils/3.0.9/plexus-utils-3.0.9.jar
7fdd32321000-7fdd32326000 r--s 00029000 08:01 797767                     /home/gladson/.m2/repository/org/codehaus/plexus/plexus-archiver/2.2/plexus-archiver-2.2.jar
7fdd32326000-7fdd32328000 r--s 00004000 08:01 797766                     /home/gladson/.m2/repository/org/apache/maven/doxia/doxia-module-xhtml/1.0/doxia-module-xhtml-1.0.jar
7fdd32328000-7fdd32329000 r--s 00006000 08:01 797765                     /home/gladson/.m2/repository/org/apache/maven/doxia/doxia-module-xdoc/1.0/doxia-module-xdoc-1.0.jar
7fdd32329000-7fdd3232a000 r--s 00004000 08:01 797764                     /home/gladson/.m2/repository/org/apache/maven/doxia/doxia-module-fml/1.0/doxia-module-fml-1.0.jar
7fdd3232a000-7fdd3232c000 r--s 0000a000 08:01 797759                     /home/gladson/.m2/repository/org/apache/maven/doxia/doxia-module-apt/1.0/doxia-module-apt-1.0.jar
7fdd3232c000-7fdd3232d000 r--s 0000b000 08:01 797758                     /home/gladson/.m2/repository/org/apache/maven/doxia/doxia-decoration-model/1.0/doxia-decoration-model-1.0.jar
7fdd3232d000-7fdd32335000 r--s 00058000 08:01 280149                     /home/gladson/.m2/repository/org/apache/velocity/velocity/1.5/velocity-1.5.jar
7fdd32335000-7fdd32535000 rw-p 00000000 00:00 0 
7fdd32535000-7fdd32546000 r-xp 00000000 08:01 1590535                    /usr/lib/jvm/java-8-oracle/jre/lib/amd64/libnio.so
7fdd32546000-7fdd32745000 ---p 00011000 08:01 1590535                    /usr/lib/jvm/java-8-oracle/jre/lib/amd64/libnio.so
7fdd32745000-7fdd32746000 rw-p 00010000 08:01 1590535                    /usr/lib/jvm/java-8-oracle/jre/lib/amd64/libnio.so
7fdd32746000-7fdd32a47000 rw-p 00000000 00:00 0 
7fdd32a47000-7fdd32a5d000 r-xp 00000000 08:01 1590508                    /usr/lib/jvm/java-8-oracle/jre/lib/amd64/libnet.so
7fdd32a5d000-7fdd32c5d000 ---p 00016000 08:01 1590508                    /usr/lib/jvm/java-8-oracle/jre/lib/amd64/libnet.so
7fdd32c5d000-7fdd32c5e000 rw-p 00016000 08:01 1590508                    /usr/lib/jvm/java-8-oracle/jre/lib/amd64/libnet.so
7fdd32c5e000-7fdd32c61000 ---p 00000000 00:00 0 
7fdd32c61000-7fdd32e97000 rw-p 00000000 00:00 0                          [stack:6533]
7fdd32e97000-7fdd33097000 rw-p 00000000 00:00 0 
7fdd33097000-7fdd33098000 ---p 00000000 00:00 0 
7fdd33098000-7fdd33198000 rw-p 00000000 00:00 0                          [stack:6531]
7fdd33198000-7fdd3319b000 ---p 00000000 00:00 0 
7fdd3319b000-7fdd33299000 rw-p 00000000 00:00 0                          [stack:6530]
7fdd33299000-7fdd3329c000 ---p 00000000 00:00 0 
7fdd3329c000-7fdd3339a000 rw-p 00000000 00:00 0                          [stack:6529]
7fdd3339a000-7fdd3339d000 ---p 00000000 00:00 0 
7fdd3339d000-7fdd3349b000 rw-p 00000000 00:00 0                          [stack:6528]
7fdd3349b000-7fdd334a0000 r-xp 00000000 08:01 1453245                    /usr/lib/x86_64-linux-gnu/libXdmcp.so.6.0.0
7fdd334a0000-7fdd3369f000 ---p 00005000 08:01 1453245                    /usr/lib/x86_64-linux-gnu/libXdmcp.so.6.0.0
7fdd3369f000-7fdd336a0000 r--p 00004000 08:01 1453245                    /usr/lib/x86_64-linux-gnu/libXdmcp.so.6.0.0
7fdd336a0000-7fdd336a1000 rw-p 00005000 08:01 1453245                    /usr/lib/x86_64-linux-gnu/libXdmcp.so.6.0.0
7fdd336a1000-7fdd336a3000 r-xp 00000000 08:01 1453234                    /usr/lib/x86_64-linux-gnu/libXau.so.6.0.0
7fdd336a3000-7fdd338a3000 ---p 00002000 08:01 1453234                    /usr/lib/x86_64-linux-gnu/libXau.so.6.0.0
7fdd338a3000-7fdd338a4000 r--p 00002000 08:01 1453234                    /usr/lib/x86_64-linux-gnu/libXau.so.6.0.0
7fdd338a4000-7fdd338a5000 rw-p 00003000 08:01 1453234                    /usr/lib/x86_64-linux-gnu/libXau.so.6.0.0
7fdd338a5000-7fdd338c2000 r-xp 00000000 08:01 1454432                    /usr/lib/x86_64-linux-gnu/libxcb.so.1.1.0
7fdd338c2000-7fdd33ac2000 ---p 0001d000 08:01 1454432                    /usr/lib/x86_64-linux-gnu/libxcb.so.1.1.0
7fdd33ac2000-7fdd33ac3000 r--p 0001d000 08:01 1454432                    /usr/lib/x86_64-linux-gnu/libxcb.so.1.1.0
7fdd33ac3000-7fdd33ac4000 rw-p 0001e000 08:01 1454432                    /usr/lib/x86_64-linux-gnu/libxcb.so.1.1.0
7fdd33ac4000-7fdd33bf7000 r-xp 00000000 08:01 1453230                    /usr/lib/x86_64-linux-gnu/libX11.so.6.3.0
7fdd33bf7000-7fdd33df7000 ---p 00133000 08:01 1453230                    /usr/lib/x86_64-linux-gnu/libX11.so.6.3.0
7fdd33df7000-7fdd33df8000 r--p 00133000 08:01 1453230                    /usr/lib/x86_64-linux-gnu/libX11.so.6.3.0
7fdd33df8000-7fdd33dfc000 rw-p 00134000 08:01 1453230                    /usr/lib/x86_64-linux-gnu/libX11.so.6.3.0
7fdd33dfc000-7fdd33dfd000 rw-p 00000000 00:00 0 
7fdd33dfd000-7fdd33dff000 r-xp 00000000 08:01 1447327                    /usr/lib/jayatana/libjayatanaag.so
7fdd33dff000-7fdd33ffe000 ---p 00002000 08:01 1447327                    /usr/lib/jayatana/libjayatanaag.so
7fdd33ffe000-7fdd33fff000 r--p 00001000 08:01 1447327                    /usr/lib/jayatana/libjayatanaag.so
7fdd33fff000-7fdd34000000 rw-p 00002000 08:01 1447327                    /usr/lib/jayatana/libjayatanaag.so
7fdd34000000-7fdd34021000 rw-p 00000000 00:00 0 
7fdd34021000-7fdd38000000 ---p 00000000 00:00 0 
7fdd38000000-7fdd38021000 rw-p 00000000 00:00 0 
7fdd38021000-7fdd3c000000 ---p 00000000 00:00 0 
7fdd3c000000-7fdd3c021000 rw-p 00000000 00:00 0 
7fdd3c021000-7fdd40000000 ---p 00000000 00:00 0 
7fdd40000000-7fdd40021000 rw-p 00000000 00:00 0 
7fdd40021000-7fdd44000000 ---p 00000000 00:00 0 
7fdd44000000-7fdd4429d000 rw-p 00000000 00:00 0 
7fdd4429d000-7fdd48000000 ---p 00000000 00:00 0 
7fdd48000000-7fdd48001000 r--s 00001000 08:01 797757                     /home/gladson/.m2/repository/org/codehaus/plexus/plexus-velocity/1.1.7/plexus-velocity-1.1.7.jar
7fdd48001000-7fdd48002000 r--s 00002000 08:01 529265                     /home/gladson/.m2/repository/org/codehaus/plexus/plexus-i18n/1.0-beta-7/plexus-i18n-1.0-beta-7.jar
7fdd48002000-7fdd48004000 r--s 0000a000 08:01 665405                     /home/gladson/.m2/repository/org/apache/maven/doxia/doxia-site-renderer/1.0/doxia-site-renderer-1.0.jar
7fdd48004000-7fdd48005000 r--s 00002000 08:01 665404                     /home/gladson/.m2/repository/org/apache/maven/doxia/doxia-sink-api/1.0/doxia-sink-api-1.0.jar
7fdd48005000-7fdd4800a000 r--s 00016000 08:01 431155                     /home/gladson/.m2/repository/xml-apis/xml-apis/1.0.b2/xml-apis-1.0.b2.jar
7fdd4800a000-7fdd4800c000 r--s 0000e000 08:01 431166                     /home/gladson/.m2/repository/oro/oro/2.0.8/oro-2.0.8.jar
7fdd4800c000-7fdd4800e000 r--s 00008000 08:01 797754                     /home/gladson/.m2/repository/commons-logging/commons-logging/1.0.4/commons-logging-1.0.4.jar
7fdd4800e000-7fdd48012000 r--s 00026000 08:01 797753                     /home/gladson/.m2/repository/commons-digester/commons-digester/1.6/commons-digester-1.6.jar
7fdd48012000-7fdd48017000 r--s 0002a000 08:01 797752                     /home/gladson/.m2/repository/commons-beanutils/commons-beanutils/1.7.0/commons-beanutils-1.7.0.jar
7fdd48017000-7fdd4801a000 r--s 00014000 08:01 431771                     /home/gladson/.m2/repository/commons-validator/commons-validator/1.2.0/commons-validator-1.2.0.jar
7fdd4801a000-7fdd4801d000 r--s 00018000 08:01 797751                     /home/gladson/.m2/repository/commons-io/commons-io/1.4/commons-io-1.4.jar
7fdd4801d000-7fdd4801f000 r--s 00009000 08:01 797749                     /home/gladson/.m2/repository/org/apache/maven/shared/maven-doxia-tools/1.0.2/maven-doxia-tools-1.0.2.jar
7fdd4801f000-7fdd48022000 r--s 0000b000 08:01 665396                     /home/gladson/.m2/repository/org/apache/maven/doxia/doxia-core/1.0/doxia-core-1.0.jar
7fdd48022000-7fdd48024000 r--s 00004000 08:01 665397                     /home/gladson/.m2/repository/org/apache/maven/reporting/maven-reporting-impl/2.0.5/maven-reporting-impl-2.0.5.jar
7fdd48024000-7fdd48025000 r--s 00002000 08:01 665398                     /home/gladson/.m2/repository/org/apache/maven/reporting/maven-reporting-api/3.0/maven-reporting-api-3.0.jar
7fdd48025000-7fdd48027000 r--s 00002000 08:01 665399                     /home/gladson/.m2/repository/org/codehaus/plexus/plexus-interactivity-api/1.0-alpha-4/plexus-interactivity-api-1.0-alpha-4.jar
7fdd48027000-7fdd48029000 r--s 00006000 08:01 665394                     /home/gladson/.m2/repository/commons-cli/commons-cli/1.0/commons-cli-1.0.jar
7fdd48029000-7fdd4802c000 r--s 00021000 08:01 526201                     /home/gladson/.m2/repository/org/apache/maven/plugins/maven-dependency-plugin/2.6/maven-dependency-plugin-2.6.jar
7fdd4802c000-7fdd4802d000 r--p 00000000 00:00 0 
7fdd4802d000-7fdd48031000 r--s 00095000 08:01 1590558                    /usr/lib/jvm/java-8-oracle/jre/lib/jsse.jar
7fdd48031000-7fdd48033000 r--s 0000c000 08:01 1057491                    /opt/netbeans-8.0.2/java/maven-nblib/netbeans-eventspy.jar
7fdd48033000-7fdd48035000 r--s 0000b000 08:01 1057475                    /opt/netbeans-8.0.2/java/maven/lib/maven-plugin-api-3.0.5.jar
7fdd48035000-7fdd48037000 r--s 00000000 08:01 1057303                    /opt/netbeans-8.0.2/java/maven/lib/plexus-component-annotations-1.5.5.jar
7fdd48037000-7fdd48039000 r--s 00002000 08:01 1057498                    /opt/netbeans-8.0.2/java/maven/lib/plexus-cipher-1.7.jar
7fdd48039000-7fdd4803b000 r--s 0000d000 08:01 1057450                    /opt/netbeans-8.0.2/java/maven/lib/plexus-interpolation-1.14.jar
7fdd4803b000-7fdd4803d000 r--s 0000a000 08:01 1057486                    /opt/netbeans-8.0.2/java/maven/lib/maven-settings-3.0.5.jar
7fdd4803d000-7fdd48047000 r--s 00116000 08:01 1590696                    /usr/lib/jvm/java-8-oracle/jre/lib/ext/localedata.jar
7fdd48047000-7fdd48063000 r--s 00393000 08:01 1590703                    /usr/lib/jvm/java-8-oracle/jre/lib/ext/cldrdata.jar
7fdd48063000-7fdd4806f000 r--s 0007d000 08:01 1057501                    /opt/netbeans-8.0.2/java/maven/lib/maven-core-3.0.5.jar
7fdd4806f000-7fdd48077000 r--s 00050000 08:01 1057466                    /opt/netbeans-8.0.2/java/maven/lib/sisu-guice-3.1.0-no_aop.jar
7fdd48077000-7fdd4807a000 r--s 0001d000 08:01 1057493                    /opt/netbeans-8.0.2/java/maven/lib/aether-impl-1.13.1.jar
7fdd4807a000-7fdd4807c000 r--s 0000c000 08:01 1057426                    /opt/netbeans-8.0.2/java/maven/lib/maven-aether-provider-3.0.5.jar
7fdd4807c000-7fdd48097000 r--s 000e4000 08:01 1057481                    /opt/netbeans-8.0.2/java/maven/lib/wagon-http-2.4-shaded.jar
7fdd48097000-7fdd4809b000 r--s 0001c000 08:01 1057494                    /opt/netbeans-8.0.2/java/maven/lib/aether-util-1.13.1.jar
7fdd4809b000-7fdd4809f000 r--s 00013000 08:01 1057499                    /opt/netbeans-8.0.2/java/maven/lib/aether-api-1.13.1.jar
7fdd4809f000-7fdd480be000 r--s 00154000 08:01 1057502                    /opt/netbeans-8.0.2/java/maven/lib/sisu-guava-0.9.9.jar
7fdd480be000-7fdd480c1000 ---p 00000000 00:00 0 
7fdd480c1000-7fdd481bf000 rw-p 00000000 00:00 0                          [stack:6527]
7fdd481bf000-7fdd488a3000 r--p 00000000 08:01 1450831                    /usr/lib/locale/locale-archive
7fdd488a3000-7fdd488a6000 ---p 00000000 00:00 0 
7fdd488a6000-7fdd489a4000 rw-p 00000000 00:00 0                          [stack:6526]
7fdd489a4000-7fdd489a7000 ---p 00000000 00:00 0 
7fdd489a7000-7fdd48aa5000 rw-p 00000000 00:00 0                          [stack:6525]
7fdd48aa5000-7fdd48aa6000 ---p 00000000 00:00 0 
7fdd48aa6000-7fdd494af000 rw-p 00000000 00:00 0                          [stack:6524]
7fdd494af000-7fdd49687000 r--s 03d17000 08:01 1590555                    /usr/lib/jvm/java-8-oracle/jre/lib/rt.jar
7fdd49687000-7fdd4bfba000 rw-p 00000000 00:00 0 
7fdd4bfba000-7fdd4bfbb000 ---p 00000000 00:00 0 
7fdd4bfbb000-7fdd4c0d0000 rw-p 00000000 00:00 0                          [stack:6523]
7fdd4c0d0000-7fdd4c204000 ---p 00000000 00:00 0 
7fdd4c204000-7fdd4c219000 rw-p 00000000 00:00 0 
7fdd4c219000-7fdd4c34c000 ---p 00000000 00:00 0 
7fdd4c34c000-7fdd4c395000 rw-p 00000000 00:00 0 
7fdd4c395000-7fdd4c3f1000 ---p 00000000 00:00 0 
7fdd4c3f1000-7fdd4c416000 rw-p 00000000 00:00 0 
7fdd4c416000-7fdd4c7b2000 ---p 00000000 00:00 0 
7fdd4c7b2000-7fdd4d0b2000 rwxp 00000000 00:00 0 
7fdd4d0b2000-7fdd5b7b2000 ---p 00000000 00:00 0 
7fdd5b7b2000-7fdd5b7cc000 r-xp 00000000 08:01 1590503                    /usr/lib/jvm/java-8-oracle/jre/lib/amd64/libzip.so
7fdd5b7cc000-7fdd5b9cc000 ---p 0001a000 08:01 1590503                    /usr/lib/jvm/java-8-oracle/jre/lib/amd64/libzip.so
7fdd5b9cc000-7fdd5b9cd000 rw-p 0001a000 08:01 1590503                    /usr/lib/jvm/java-8-oracle/jre/lib/amd64/libzip.so
7fdd5b9cd000-7fdd5b9d9000 r-xp 00000000 08:01 922559                     /lib/x86_64-linux-gnu/libnss_files-2.21.so
7fdd5b9d9000-7fdd5bbd8000 ---p 0000c000 08:01 922559                     /lib/x86_64-linux-gnu/libnss_files-2.21.so
7fdd5bbd8000-7fdd5bbd9000 r--p 0000b000 08:01 922559                     /lib/x86_64-linux-gnu/libnss_files-2.21.so
7fdd5bbd9000-7fdd5bbda000 rw-p 0000c000 08:01 922559                     /lib/x86_64-linux-gnu/libnss_files-2.21.so
7fdd5bbda000-7fdd5bbe5000 r-xp 00000000 08:01 922569                     /lib/x86_64-linux-gnu/libnss_nis-2.21.so
7fdd5bbe5000-7fdd5bde4000 ---p 0000b000 08:01 922569                     /lib/x86_64-linux-gnu/libnss_nis-2.21.so
7fdd5bde4000-7fdd5bde5000 r--p 0000a000 08:01 922569                     /lib/x86_64-linux-gnu/libnss_nis-2.21.so
7fdd5bde5000-7fdd5bde6000 rw-p 0000b000 08:01 922569                     /lib/x86_64-linux-gnu/libnss_nis-2.21.so
7fdd5bde6000-7fdd5bdfd000 r-xp 00000000 08:01 922553                     /lib/x86_64-linux-gnu/libnsl-2.21.so
7fdd5bdfd000-7fdd5bffc000 ---p 00017000 08:01 922553                     /lib/x86_64-linux-gnu/libnsl-2.21.so
7fdd5bffc000-7fdd5bffd000 r--p 00016000 08:01 922553                     /lib/x86_64-linux-gnu/libnsl-2.21.so
7fdd5bffd000-7fdd5bffe000 rw-p 00017000 08:01 922553                     /lib/x86_64-linux-gnu/libnsl-2.21.so
7fdd5bffe000-7fdd5c000000 rw-p 00000000 00:00 0 
7fdd5c000000-7fdd5cd83000 rw-p 00000000 00:00 0 
7fdd5cd83000-7fdd60000000 ---p 00000000 00:00 0 
7fdd60000000-7fdd60002000 r--s 00009000 08:01 1057503                    /opt/netbeans-8.0.2/java/maven/lib/commons-cli-1.2.jar
7fdd60002000-7fdd60004000 r--s 0000b000 08:01 1057484                    /opt/netbeans-8.0.2/java/maven/lib/maven-artifact-3.0.5.jar
7fdd60004000-7fdd60005000 ---p 00000000 00:00 0 
7fdd60005000-7fdd60105000 rw-p 00000000 00:00 0                          [stack:6522]
7fdd60105000-7fdd6010d000 r-xp 00000000 08:01 922555                     /lib/x86_64-linux-gnu/libnss_compat-2.21.so
7fdd6010d000-7fdd6030c000 ---p 00008000 08:01 922555                     /lib/x86_64-linux-gnu/libnss_compat-2.21.so
7fdd6030c000-7fdd6030d000 r--p 00007000 08:01 922555                     /lib/x86_64-linux-gnu/libnss_compat-2.21.so
7fdd6030d000-7fdd6030e000 rw-p 00008000 08:01 922555                     /lib/x86_64-linux-gnu/libnss_compat-2.21.so
7fdd6030e000-7fdd60318000 r-xp 00000000 08:01 1590510                    /usr/lib/jvm/java-8-oracle/jre/lib/amd64/libinstrument.so
7fdd60318000-7fdd60517000 ---p 0000a000 08:01 1590510                    /usr/lib/jvm/java-8-oracle/jre/lib/amd64/libinstrument.so
7fdd60517000-7fdd60518000 rw-p 00009000 08:01 1590510                    /usr/lib/jvm/java-8-oracle/jre/lib/amd64/libinstrument.so
7fdd60518000-7fdd60542000 r-xp 00000000 08:01 1590483                    /usr/lib/jvm/java-8-oracle/jre/lib/amd64/libjava.so
7fdd60542000-7fdd60742000 ---p 0002a000 08:01 1590483                    /usr/lib/jvm/java-8-oracle/jre/lib/amd64/libjava.so
7fdd60742000-7fdd60744000 rw-p 0002a000 08:01 1590483                    /usr/lib/jvm/java-8-oracle/jre/lib/amd64/libjava.so
7fdd60744000-7fdd60751000 r-xp 00000000 08:01 1590497                    /usr/lib/jvm/java-8-oracle/jre/lib/amd64/libverify.so
7fdd60751000-7fdd60951000 ---p 0000d000 08:01 1590497                    /usr/lib/jvm/java-8-oracle/jre/lib/amd64/libverify.so
7fdd60951000-7fdd60953000 rw-p 0000d000 08:01 1590497                    /usr/lib/jvm/java-8-oracle/jre/lib/amd64/libverify.so
7fdd60953000-7fdd6095a000 r-xp 00000000 08:01 922614                     /lib/x86_64-linux-gnu/librt-2.21.so
7fdd6095a000-7fdd60b59000 ---p 00007000 08:01 922614                     /lib/x86_64-linux-gnu/librt-2.21.so
7fdd60b59000-7fdd60b5a000 r--p 00006000 08:01 922614                     /lib/x86_64-linux-gnu/librt-2.21.so
7fdd60b5a000-7fdd60b5b000 rw-p 00007000 08:01 922614                     /lib/x86_64-linux-gnu/librt-2.21.so
7fdd60b5b000-7fdd60c62000 r-xp 00000000 08:01 922532                     /lib/x86_64-linux-gnu/libm-2.21.so
7fdd60c62000-7fdd60e61000 ---p 00107000 08:01 922532                     /lib/x86_64-linux-gnu/libm-2.21.so
7fdd60e61000-7fdd60e62000 r--p 00106000 08:01 922532                     /lib/x86_64-linux-gnu/libm-2.21.so
7fdd60e62000-7fdd60e63000 rw-p 00107000 08:01 922532                     /lib/x86_64-linux-gnu/libm-2.21.so
7fdd60e63000-7fdd61b21000 r-xp 00000000 08:01 1590519                    /usr/lib/jvm/java-8-oracle/jre/lib/amd64/server/libjvm.so
7fdd61b21000-7fdd61d20000 ---p 00cbe000 08:01 1590519                    /usr/lib/jvm/java-8-oracle/jre/lib/amd64/server/libjvm.so
7fdd61d20000-7fdd61df8000 rw-p 00cbd000 08:01 1590519                    /usr/lib/jvm/java-8-oracle/jre/lib/amd64/server/libjvm.so
7fdd61df8000-7fdd61e3d000 rw-p 00000000 00:00 0 
7fdd61e3d000-7fdd61ffd000 r-xp 00000000 08:01 922473                     /lib/x86_64-linux-gnu/libc-2.21.so
7fdd61ffd000-7fdd621fd000 ---p 001c0000 08:01 922473                     /lib/x86_64-linux-gnu/libc-2.21.so
7fdd621fd000-7fdd62201000 r--p 001c0000 08:01 922473                     /lib/x86_64-linux-gnu/libc-2.21.so
7fdd62201000-7fdd62203000 rw-p 001c4000 08:01 922473                     /lib/x86_64-linux-gnu/libc-2.21.so
7fdd62203000-7fdd62207000 rw-p 00000000 00:00 0 
7fdd62207000-7fdd6220a000 r-xp 00000000 08:01 922490                     /lib/x86_64-linux-gnu/libdl-2.21.so
7fdd6220a000-7fdd62409000 ---p 00003000 08:01 922490                     /lib/x86_64-linux-gnu/libdl-2.21.so
7fdd62409000-7fdd6240a000 r--p 00002000 08:01 922490                     /lib/x86_64-linux-gnu/libdl-2.21.so
7fdd6240a000-7fdd6240b000 rw-p 00003000 08:01 922490                     /lib/x86_64-linux-gnu/libdl-2.21.so
7fdd6240b000-7fdd62420000 r-xp 00000000 08:01 1589688                    /usr/lib/jvm/java-8-oracle/lib/amd64/jli/libjli.so
7fdd62420000-7fdd62620000 ---p 00015000 08:01 1589688                    /usr/lib/jvm/java-8-oracle/lib/amd64/jli/libjli.so
7fdd62620000-7fdd62621000 rw-p 00015000 08:01 1589688                    /usr/lib/jvm/java-8-oracle/lib/amd64/jli/libjli.so
7fdd62621000-7fdd62639000 r-xp 00000000 08:01 922606                     /lib/x86_64-linux-gnu/libpthread-2.21.so
7fdd62639000-7fdd62839000 ---p 00018000 08:01 922606                     /lib/x86_64-linux-gnu/libpthread-2.21.so
7fdd62839000-7fdd6283a000 r--p 00018000 08:01 922606                     /lib/x86_64-linux-gnu/libpthread-2.21.so
7fdd6283a000-7fdd6283b000 rw-p 00019000 08:01 922606                     /lib/x86_64-linux-gnu/libpthread-2.21.so
7fdd6283b000-7fdd6283f000 rw-p 00000000 00:00 0 
7fdd6283f000-7fdd62863000 r-xp 00000000 08:01 922445                     /lib/x86_64-linux-gnu/ld-2.21.so
7fdd62863000-7fdd62864000 r--s 00006000 08:01 1057449                    /opt/netbeans-8.0.2/java/maven/lib/plexus-sec-dispatcher-1.3.jar
7fdd62864000-7fdd6286b000 r--s 0003f000 08:01 1057476                    /opt/netbeans-8.0.2/java/maven/lib/sisu-inject-bean-2.3.0.jar
7fdd6286b000-7fdd62872000 r--s 0002b000 08:01 1057459                    /opt/netbeans-8.0.2/java/maven/lib/sisu-inject-plexus-2.3.0.jar
7fdd62872000-7fdd62875000 r--s 00008000 08:01 1057415                    /opt/netbeans-8.0.2/java/maven/lib/maven-settings-builder-3.0.5.jar
7fdd62875000-7fdd62877000 r--s 00006000 08:01 1057398                    /opt/netbeans-8.0.2/java/maven/lib/aether-connector-wagon-1.13.1.jar
7fdd62877000-7fdd62879000 r--s 00006000 08:01 1057358                    /opt/netbeans-8.0.2/java/maven/lib/maven-repository-metadata-3.0.5.jar
7fdd62879000-7fdd6287a000 r--s 00002000 08:01 1057504                    /opt/netbeans-8.0.2/java/maven/lib/wagon-file-2.4.jar
7fdd6287a000-7fdd6287e000 r--s 00021000 08:01 1057448                    /opt/netbeans-8.0.2/java/maven/lib/maven-model-builder-3.0.5.jar
7fdd6287e000-7fdd62884000 r--s 0003f000 08:01 1057495                    /opt/netbeans-8.0.2/java/maven/lib/maven-compat-3.0.5.jar
7fdd62884000-7fdd62942000 rw-p 00000000 00:00 0 
7fdd62942000-7fdd62945000 ---p 00000000 00:00 0 
7fdd62945000-7fdd62a47000 rw-p 00000000 00:00 0                          [stack:6521]
7fdd62a47000-7fdd62a48000 r--s 0000a000 08:01 1057485                    /opt/netbeans-8.0.2/java/maven/lib/maven-embedder-3.0.5.jar
7fdd62a48000-7fdd62a49000 r--s 00003000 08:01 1057500                    /opt/netbeans-8.0.2/java/maven/lib/aether-spi-1.13.1.jar
7fdd62a49000-7fdd62a4b000 r--s 0000b000 08:01 1057474                    /opt/netbeans-8.0.2/java/maven/lib/wagon-provider-api-2.4.jar
7fdd62a4b000-7fdd62a4d000 r--s 00026000 08:01 1057497                    /opt/netbeans-8.0.2/java/maven/lib/maven-model-3.0.5.jar
7fdd62a4d000-7fdd62a51000 r--s 00033000 08:01 1057492                    /opt/netbeans-8.0.2/java/maven/lib/plexus-utils-2.0.6.jar
7fdd62a51000-7fdd62a53000 r--s 00006000 08:01 10370                      /usr/share/java/jayatana.jar
7fdd62a53000-7fdd62a54000 r--s 00000000 08:01 10371                      /usr/share/java/jayatanaag.jar
7fdd62a54000-7fdd62a56000 r--s 0000a000 08:01 1057468                    /opt/netbeans-8.0.2/java/maven/boot/plexus-classworlds-2.4.jar
7fdd62a56000-7fdd62a5e000 rw-s 00000000 08:01 1071431                    /tmp/hsperfdata_gladson/6519
7fdd62a5e000-7fdd62a5f000 rw-p 00000000 00:00 0 
7fdd62a5f000-7fdd62a60000 ---p 00000000 00:00 0 
7fdd62a60000-7fdd62a62000 rw-p 00000000 00:00 0 
7fdd62a62000-7fdd62a63000 r--p 00023000 08:01 922445                     /lib/x86_64-linux-gnu/ld-2.21.so
7fdd62a63000-7fdd62a64000 rw-p 00024000 08:01 922445                     /lib/x86_64-linux-gnu/ld-2.21.so
7fdd62a64000-7fdd62a65000 rw-p 00000000 00:00 0 
7ffc60ab7000-7ffc60ad8000 rw-p 00000000 00:00 0                          [stack]
7ffc60aef000-7ffc60af1000 r--p 00000000 00:00 0                          [vvar]
7ffc60af1000-7ffc60af3000 r-xp 00000000 00:00 0                          [vdso]
ffffffffff600000-ffffffffff601000 r-xp 00000000 00:00 0                  [vsyscall]

VM Arguments:
jvm_args: -javaagent:/usr/share/java/jayatanaag.jar -Dclassworlds.conf=/opt/netbeans-8.0.2/java/maven/bin/m2.conf -Dmaven.home=/opt/netbeans-8.0.2/java/maven 
java_command: org.codehaus.plexus.classworlds.launcher.Launcher -Dnetbeans.deploy=true -Dmaven.ext.class.path=/opt/netbeans-8.0.2/java/maven-nblib/netbeans-eventspy.jar package
java_class_path (initial): /opt/netbeans-8.0.2/java/maven/boot/plexus-classworlds-2.4.jar:/usr/share/java/jayatanaag.jar
Launcher Type: SUN_STANDARD

Environment Variables:
JAVA_HOME=/usr/lib/jvm/java-8-oracle
JAVA_TOOL_OPTIONS=-javaagent:/usr/share/java/jayatanaag.jar 
PATH=/usr/local/sbin:/usr/local/bin:/usr/sbin:/usr/bin:/sbin:/bin:/usr/games:/usr/local/games:/usr/lib/jvm/java-8-oracle/bin:/usr/lib/jvm/java-8-oracle/db/bin:/usr/lib/jvm/java-8-oracle/jre/bin
LD_LIBRARY_PATH=/usr/lib/jvm/java-8-oracle/jre/lib/amd64:/usr/lib/jvm/java-8-oracle/jre/lib/i386:
SHELL=/bin/bash
DISPLAY=:0

Signal Handlers:
SIGSEGV: [libjvm.so+0xaba070], sa_mask[0]=11111111011111111101111111111110, sa_flags=SA_RESTART|SA_SIGINFO
SIGBUS: [libjvm.so+0xaba070], sa_mask[0]=11111111011111111101111111111110, sa_flags=SA_RESTART|SA_SIGINFO
SIGFPE: [libjvm.so+0x917630], sa_mask[0]=11111111011111111101111111111110, sa_flags=SA_RESTART|SA_SIGINFO
SIGPIPE: [libjvm.so+0x917630], sa_mask[0]=11111111011111111101111111111110, sa_flags=SA_RESTART|SA_SIGINFO
SIGXFSZ: [libjvm.so+0x917630], sa_mask[0]=11111111011111111101111111111110, sa_flags=SA_RESTART|SA_SIGINFO
SIGILL: [libjvm.so+0x917630], sa_mask[0]=11111111011111111101111111111110, sa_flags=SA_RESTART|SA_SIGINFO
SIGUSR1: SIG_DFL, sa_mask[0]=00000000000000000000000000000000, sa_flags=none
SIGUSR2: [libjvm.so+0x918c60], sa_mask[0]=00100000000000000000000000000000, sa_flags=SA_RESTART|SA_SIGINFO
SIGHUP: [libjvm.so+0x91a060], sa_mask[0]=11111111011111111101111111111110, sa_flags=SA_RESTART|SA_SIGINFO
SIGINT: SIG_IGN, sa_mask[0]=00000000000000000000000000000000, sa_flags=none
SIGTERM: [libjvm.so+0x91a060], sa_mask[0]=11111111011111111101111111111110, sa_flags=SA_RESTART|SA_SIGINFO
SIGQUIT: [libjvm.so+0x91a060], sa_mask[0]=11111111011111111101111111111110, sa_flags=SA_RESTART|SA_SIGINFO


---------------  S Y S T E M  ---------------

OS:DISTRIB_ID=Ubuntu
DISTRIB_RELEASE=15.04
DISTRIB_CODENAME=vivid
DISTRIB_DESCRIPTION="Ubuntu 15.04"

uname:Linux 3.19.0-26-generic #28-Ubuntu SMP Tue Aug 11 14:16:32 UTC 2015 x86_64
libc:glibc 2.21 NPTL 2.21 
rlimit: STACK 8192k, CORE 0k, NPROC 15657, NOFILE 65536, AS infinity
load average:0,25 0,36 0,37

/proc/meminfo:
MemTotal:        4030572 kB
MemFree:          315552 kB
MemAvailable:    1188020 kB
Buffers:           71792 kB
Cached:           993552 kB
SwapCached:            8 kB
Active:          2509792 kB
Inactive:         863484 kB
Active(anon):    1974360 kB
Inactive(anon):   393312 kB
Active(file):     535432 kB
Inactive(file):   470172 kB
Unevictable:        1100 kB
Mlocked:            1100 kB
SwapTotal:       4191228 kB
SwapFree:        4191160 kB
Dirty:               560 kB
Writeback:             0 kB
AnonPages:       2309016 kB
Mapped:           383864 kB
Shmem:             59748 kB
Slab:             122032 kB
SReclaimable:      71596 kB
SUnreclaim:        50436 kB
KernelStack:       12784 kB
PageTables:        53760 kB
NFS_Unstable:          0 kB
Bounce:                0 kB
WritebackTmp:          0 kB
CommitLimit:     6206512 kB
Committed_AS:    7274780 kB
VmallocTotal:   34359738367 kB
VmallocUsed:      164796 kB
VmallocChunk:   34359527036 kB
HardwareCorrupted:     0 kB
AnonHugePages:   1048576 kB
CmaTotal:              0 kB
CmaFree:               0 kB
HugePages_Total:       0
HugePages_Free:        0
HugePages_Rsvd:        0
HugePages_Surp:        0
Hugepagesize:       2048 kB
DirectMap4k:      180096 kB
DirectMap2M:     4014080 kB


CPU:total 2 (1 cores per cpu, 1 threads per core) family 6 model 58 stepping 9, cmov, cx8, fxsr, mmx, sse, sse2, sse3, ssse3, sse4.1, sse4.2, popcnt, avx, aes, clmul, erms, tsc, tscinvbit, tscinv

/proc/cpuinfo:
processor	: 0
vendor_id	: GenuineIntel
cpu family	: 6
model		: 58
model name	: Intel(R) Core(TM) i5-3570K CPU @ 3.40GHz
stepping	: 9
microcode	: 0x1b
cpu MHz		: 3801.000
cache size	: 6144 KB
physical id	: 0
siblings	: 1
core id		: 0
cpu cores	: 1
apicid		: 0
initial apicid	: 0
fpu		: yes
fpu_exception	: yes
cpuid level	: 13
wp		: yes
flags		: fpu vme de pse tsc msr pae mce cx8 apic sep mtrr pge mca cmov pat pse36 clflush dts mmx fxsr sse sse2 ss syscall nx rdtscp lm constant_tsc arch_perfmon pebs bts nopl xtopology tsc_reliable nonstop_tsc aperfmperf pni pclmulqdq vmx ssse3 cx16 pcid sse4_1 sse4_2 x2apic popcnt tsc_deadline_timer aes xsave avx f16c rdrand hypervisor lahf_lm ida arat epb pln pts dtherm tpr_shadow vnmi ept vpid fsgsbase tsc_adjust smep
bugs		:
bogomips	: 7602.00
clflush size	: 64
cache_alignment	: 64
address sizes	: 42 bits physical, 48 bits virtual
power management:

processor	: 1
vendor_id	: GenuineIntel
cpu family	: 6
model		: 58
model name	: Intel(R) Core(TM) i5-3570K CPU @ 3.40GHz
stepping	: 9
microcode	: 0x1b
cpu MHz		: 3801.000
cache size	: 6144 KB
physical id	: 2
siblings	: 1
core id		: 0
cpu cores	: 1
apicid		: 2
initial apicid	: 2
fpu		: yes
fpu_exception	: yes
cpuid level	: 13
wp		: yes
flags		: fpu vme de pse tsc msr pae mce cx8 apic sep mtrr pge mca cmov pat pse36 clflush dts mmx fxsr sse sse2 ss syscall nx rdtscp lm constant_tsc arch_perfmon pebs bts nopl xtopology tsc_reliable nonstop_tsc aperfmperf pni pclmulqdq vmx ssse3 cx16 pcid sse4_1 sse4_2 x2apic popcnt tsc_deadline_timer aes xsave avx f16c rdrand hypervisor lahf_lm ida arat epb pln pts dtherm tpr_shadow vnmi ept vpid fsgsbase tsc_adjust smep
bugs		:
bogomips	: 7602.00
clflush size	: 64
cache_alignment	: 64
address sizes	: 42 bits physical, 48 bits virtual
power management:



Memory: 4k page, physical 4030572k(315552k free), swap 4191228k(4191160k free)

vm_info: Java HotSpot(TM) 64-Bit Server VM (25.60-b23) for linux-amd64 JRE (1.8.0_60-b27), built on Aug  4 2015 12:19:40 by "java_re" with gcc 4.3.0 20080428 (Red Hat 4.3.0-8)

time: Thu Sep  3 19:53:26 2015
elapsed time: 3 seconds (0d 0h 0m 3s)

